<?xml version="1.0" encoding="UTF-8"?>
<testsuite name="hello.springdb2.Springdb2ApplicationTests" tests="1" skipped="0" failures="0" errors="0" timestamp="2025-10-04T01:07:48.452Z" hostname="W43688" time="0.01">
  <properties/>
  <testcase name="contextLoads()" classname="hello.springdb2.Springdb2ApplicationTests" time="0.01"/>
  <system-out><![CDATA[2025-10-04T10:07:47.366+09:00  INFO 2088 --- [springdb2] [    Test worker] t.c.s.AnnotationConfigContextLoaderUtils : Could not detect default configuration classes for test class [hello.springdb2.Springdb2ApplicationTests]: Springdb2ApplicationTests does not declare any static, non-private, non-final, nested classes annotated with @Configuration.
2025-10-04T10:07:47.370+09:00  INFO 2088 --- [springdb2] [    Test worker] .b.t.c.SpringBootTestContextBootstrapper : Found @SpringBootConfiguration hello.springdb2.Springdb2Application for test class hello.springdb2.Springdb2ApplicationTests

  .   ____          _            __ _ _
 /\\ / ___'_ __ _ _(_)_ __  __ _ \ \ \ \
( ( )\___ | '_ | '_| | '_ \/ _` | \ \ \ \
 \\/  ___)| |_)| | | | | || (_| |  ) ) ) )
  '  |____| .__|_| |_|_| |_\__, | / / / /
 =========|_|==============|___/=/_/_/_/

 :: Spring Boot ::                (v3.5.6)

2025-10-04T10:07:47.410+09:00  INFO 2088 --- [springdb2] [    Test worker] h.springdb2.Springdb2ApplicationTests    : Starting Springdb2ApplicationTests using Java 21.0.8 with PID 2088 (started by CKIRUser in C:\Users\CKIRUser\Documents\workspace-spring-tools-for-eclipse-4.32.0.RELEASE\springdb2)
2025-10-04T10:07:47.410+09:00  INFO 2088 --- [springdb2] [    Test worker] h.springdb2.Springdb2ApplicationTests    : The following 1 profile is active: "local"
2025-10-04T10:07:47.699+09:00  INFO 2088 --- [springdb2] [    Test worker] .s.d.r.c.RepositoryConfigurationDelegate : Bootstrapping Spring Data JPA repositories in DEFAULT mode.
2025-10-04T10:07:47.739+09:00  INFO 2088 --- [springdb2] [    Test worker] .s.d.r.c.RepositoryConfigurationDelegate : Finished Spring Data repository scanning in 38 ms. Found 1 JPA repository interface.
2025-10-04T10:07:47.835+09:00 DEBUG 2088 --- [springdb2] [    Test worker] o.s.jdbc.datasource.DataSourceUtils      : Fetching JDBC Connection from DataSource
2025-10-04T10:07:47.835+09:00  INFO 2088 --- [springdb2] [    Test worker] com.zaxxer.hikari.HikariDataSource       : HikariPool-2 - Starting...
2025-10-04T10:07:47.838+09:00  INFO 2088 --- [springdb2] [    Test worker] com.zaxxer.hikari.pool.HikariPool        : HikariPool-2 - Added connection conn10: url=jdbc:h2:file:~/test user=SA
2025-10-04T10:07:47.839+09:00  INFO 2088 --- [springdb2] [    Test worker] com.zaxxer.hikari.HikariDataSource       : HikariPool-2 - Start completed.
2025-10-04T10:07:47.839+09:00 DEBUG 2088 --- [springdb2] [    Test worker] o.s.jdbc.datasource.init.ScriptUtils     : Executing SQL script from file [C:\Users\CKIRUser\Documents\workspace-spring-tools-for-eclipse-4.32.0.RELEASE\springdb2\build\resources\main\schema.sql]
2025-10-04T10:07:47.844+09:00 DEBUG 2088 --- [springdb2] [    Test worker] o.s.jdbc.datasource.init.ScriptUtils     : 0 returned as update count for SQL: drop table if exists item
2025-10-04T10:07:47.847+09:00 DEBUG 2088 --- [springdb2] [    Test worker] o.s.jdbc.datasource.init.ScriptUtils     : 0 returned as update count for SQL: create table if not exists item( id bigint auto_increment primary key, item_name varchar(255) not null, price int not null, quantity int not null )
2025-10-04T10:07:47.847+09:00 DEBUG 2088 --- [springdb2] [    Test worker] o.s.jdbc.datasource.init.ScriptUtils     : Executed SQL script from file [C:\Users\CKIRUser\Documents\workspace-spring-tools-for-eclipse-4.32.0.RELEASE\springdb2\build\resources\main\schema.sql] in 8 ms.
2025-10-04T10:07:47.866+09:00  INFO 2088 --- [springdb2] [    Test worker] o.hibernate.jpa.internal.util.LogHelper  : HHH000204: Processing PersistenceUnitInfo [name: default]
2025-10-04T10:07:47.873+09:00  INFO 2088 --- [springdb2] [    Test worker] o.h.c.internal.RegionFactoryInitiator    : HHH000026: Second-level cache disabled
2025-10-04T10:07:47.874+09:00 DEBUG 2088 --- [springdb2] [    Test worker] org.hibernate.type.BasicTypeRegistry     : Adding type registration boolean -> org.hibernate.type.BasicTypeReference@7740b0ab
2025-10-04T10:07:47.875+09:00 DEBUG 2088 --- [springdb2] [    Test worker] org.hibernate.type.BasicTypeRegistry     : Adding type registration boolean -> org.hibernate.type.BasicTypeReference@7740b0ab
2025-10-04T10:07:47.876+09:00 DEBUG 2088 --- [springdb2] [    Test worker] org.hibernate.type.BasicTypeRegistry     : Adding type registration java.lang.Boolean -> org.hibernate.type.BasicTypeReference@7740b0ab
2025-10-04T10:07:47.876+09:00 DEBUG 2088 --- [springdb2] [    Test worker] org.hibernate.type.BasicTypeRegistry     : Adding type registration numeric_boolean -> org.hibernate.type.BasicTypeReference@3eb9c575
2025-10-04T10:07:47.876+09:00 DEBUG 2088 --- [springdb2] [    Test worker] org.hibernate.type.BasicTypeRegistry     : Adding type registration org.hibernate.type.NumericBooleanConverter -> org.hibernate.type.BasicTypeReference@3eb9c575
2025-10-04T10:07:47.876+09:00 DEBUG 2088 --- [springdb2] [    Test worker] org.hibernate.type.BasicTypeRegistry     : Adding type registration true_false -> org.hibernate.type.BasicTypeReference@3f322610
2025-10-04T10:07:47.876+09:00 DEBUG 2088 --- [springdb2] [    Test worker] org.hibernate.type.BasicTypeRegistry     : Adding type registration org.hibernate.type.TrueFalseConverter -> org.hibernate.type.BasicTypeReference@3f322610
2025-10-04T10:07:47.876+09:00 DEBUG 2088 --- [springdb2] [    Test worker] org.hibernate.type.BasicTypeRegistry     : Adding type registration yes_no -> org.hibernate.type.BasicTypeReference@1e477944
2025-10-04T10:07:47.876+09:00 DEBUG 2088 --- [springdb2] [    Test worker] org.hibernate.type.BasicTypeRegistry     : Adding type registration org.hibernate.type.YesNoConverter -> org.hibernate.type.BasicTypeReference@1e477944
2025-10-04T10:07:47.876+09:00 DEBUG 2088 --- [springdb2] [    Test worker] org.hibernate.type.BasicTypeRegistry     : Adding type registration byte -> org.hibernate.type.BasicTypeReference@6cf047cf
2025-10-04T10:07:47.876+09:00 DEBUG 2088 --- [springdb2] [    Test worker] org.hibernate.type.BasicTypeRegistry     : Adding type registration byte -> org.hibernate.type.BasicTypeReference@6cf047cf
2025-10-04T10:07:47.876+09:00 DEBUG 2088 --- [springdb2] [    Test worker] org.hibernate.type.BasicTypeRegistry     : Adding type registration java.lang.Byte -> org.hibernate.type.BasicTypeReference@6cf047cf
2025-10-04T10:07:47.877+09:00 DEBUG 2088 --- [springdb2] [    Test worker] org.hibernate.type.BasicTypeRegistry     : Adding type registration binary -> org.hibernate.type.BasicTypeReference@1c92a549
2025-10-04T10:07:47.877+09:00 DEBUG 2088 --- [springdb2] [    Test worker] org.hibernate.type.BasicTypeRegistry     : Adding type registration byte[] -> org.hibernate.type.BasicTypeReference@1c92a549
2025-10-04T10:07:47.877+09:00 DEBUG 2088 --- [springdb2] [    Test worker] org.hibernate.type.BasicTypeRegistry     : Adding type registration [B -> org.hibernate.type.BasicTypeReference@1c92a549
2025-10-04T10:07:47.877+09:00 DEBUG 2088 --- [springdb2] [    Test worker] org.hibernate.type.BasicTypeRegistry     : Adding type registration binary_wrapper -> org.hibernate.type.BasicTypeReference@323e026d
2025-10-04T10:07:47.877+09:00 DEBUG 2088 --- [springdb2] [    Test worker] org.hibernate.type.BasicTypeRegistry     : Adding type registration wrapper-binary -> org.hibernate.type.BasicTypeReference@323e026d
2025-10-04T10:07:47.877+09:00 DEBUG 2088 --- [springdb2] [    Test worker] org.hibernate.type.BasicTypeRegistry     : Adding type registration image -> org.hibernate.type.BasicTypeReference@1716c037
2025-10-04T10:07:47.878+09:00 DEBUG 2088 --- [springdb2] [    Test worker] org.hibernate.type.BasicTypeRegistry     : Adding type registration blob -> org.hibernate.type.BasicTypeReference@79b63325
2025-10-04T10:07:47.878+09:00 DEBUG 2088 --- [springdb2] [    Test worker] org.hibernate.type.BasicTypeRegistry     : Adding type registration java.sql.Blob -> org.hibernate.type.BasicTypeReference@79b63325
2025-10-04T10:07:47.878+09:00 DEBUG 2088 --- [springdb2] [    Test worker] org.hibernate.type.BasicTypeRegistry     : Adding type registration materialized_blob -> org.hibernate.type.BasicTypeReference@708769b7
2025-10-04T10:07:47.878+09:00 DEBUG 2088 --- [springdb2] [    Test worker] org.hibernate.type.BasicTypeRegistry     : Adding type registration materialized_blob_wrapper -> org.hibernate.type.BasicTypeReference@32e830a0
2025-10-04T10:07:47.878+09:00 DEBUG 2088 --- [springdb2] [    Test worker] org.hibernate.type.BasicTypeRegistry     : Adding type registration short -> org.hibernate.type.BasicTypeReference@135e49b2
2025-10-04T10:07:47.878+09:00 DEBUG 2088 --- [springdb2] [    Test worker] org.hibernate.type.BasicTypeRegistry     : Adding type registration short -> org.hibernate.type.BasicTypeReference@135e49b2
2025-10-04T10:07:47.878+09:00 DEBUG 2088 --- [springdb2] [    Test worker] org.hibernate.type.BasicTypeRegistry     : Adding type registration java.lang.Short -> org.hibernate.type.BasicTypeReference@135e49b2
2025-10-04T10:07:47.878+09:00 DEBUG 2088 --- [springdb2] [    Test worker] org.hibernate.type.BasicTypeRegistry     : Adding type registration integer -> org.hibernate.type.BasicTypeReference@5bb97fe7
2025-10-04T10:07:47.879+09:00 DEBUG 2088 --- [springdb2] [    Test worker] org.hibernate.type.BasicTypeRegistry     : Adding type registration int -> org.hibernate.type.BasicTypeReference@5bb97fe7
2025-10-04T10:07:47.879+09:00 DEBUG 2088 --- [springdb2] [    Test worker] org.hibernate.type.BasicTypeRegistry     : Adding type registration java.lang.Integer -> org.hibernate.type.BasicTypeReference@5bb97fe7
2025-10-04T10:07:47.879+09:00 DEBUG 2088 --- [springdb2] [    Test worker] org.hibernate.type.BasicTypeRegistry     : Adding type registration long -> org.hibernate.type.BasicTypeReference@10b87ff6
2025-10-04T10:07:47.879+09:00 DEBUG 2088 --- [springdb2] [    Test worker] org.hibernate.type.BasicTypeRegistry     : Adding type registration long -> org.hibernate.type.BasicTypeReference@10b87ff6
2025-10-04T10:07:47.879+09:00 DEBUG 2088 --- [springdb2] [    Test worker] org.hibernate.type.BasicTypeRegistry     : Adding type registration java.lang.Long -> org.hibernate.type.BasicTypeReference@10b87ff6
2025-10-04T10:07:47.879+09:00 DEBUG 2088 --- [springdb2] [    Test worker] org.hibernate.type.BasicTypeRegistry     : Adding type registration float -> org.hibernate.type.BasicTypeReference@63262071
2025-10-04T10:07:47.879+09:00 DEBUG 2088 --- [springdb2] [    Test worker] org.hibernate.type.BasicTypeRegistry     : Adding type registration float -> org.hibernate.type.BasicTypeReference@63262071
2025-10-04T10:07:47.879+09:00 DEBUG 2088 --- [springdb2] [    Test worker] org.hibernate.type.BasicTypeRegistry     : Adding type registration java.lang.Float -> org.hibernate.type.BasicTypeReference@63262071
2025-10-04T10:07:47.879+09:00 DEBUG 2088 --- [springdb2] [    Test worker] org.hibernate.type.BasicTypeRegistry     : Adding type registration double -> org.hibernate.type.BasicTypeReference@2d4f67e
2025-10-04T10:07:47.879+09:00 DEBUG 2088 --- [springdb2] [    Test worker] org.hibernate.type.BasicTypeRegistry     : Adding type registration double -> org.hibernate.type.BasicTypeReference@2d4f67e
2025-10-04T10:07:47.879+09:00 DEBUG 2088 --- [springdb2] [    Test worker] org.hibernate.type.BasicTypeRegistry     : Adding type registration java.lang.Double -> org.hibernate.type.BasicTypeReference@2d4f67e
2025-10-04T10:07:47.879+09:00 DEBUG 2088 --- [springdb2] [    Test worker] org.hibernate.type.BasicTypeRegistry     : Adding type registration big_integer -> org.hibernate.type.BasicTypeReference@1282f784
2025-10-04T10:07:47.879+09:00 DEBUG 2088 --- [springdb2] [    Test worker] org.hibernate.type.BasicTypeRegistry     : Adding type registration java.math.BigInteger -> org.hibernate.type.BasicTypeReference@1282f784
2025-10-04T10:07:47.879+09:00 DEBUG 2088 --- [springdb2] [    Test worker] org.hibernate.type.BasicTypeRegistry     : Adding type registration big_decimal -> org.hibernate.type.BasicTypeReference@41167ded
2025-10-04T10:07:47.879+09:00 DEBUG 2088 --- [springdb2] [    Test worker] org.hibernate.type.BasicTypeRegistry     : Adding type registration java.math.BigDecimal -> org.hibernate.type.BasicTypeReference@41167ded
2025-10-04T10:07:47.879+09:00 DEBUG 2088 --- [springdb2] [    Test worker] org.hibernate.type.BasicTypeRegistry     : Adding type registration character -> org.hibernate.type.BasicTypeReference@13e1e816
2025-10-04T10:07:47.879+09:00 DEBUG 2088 --- [springdb2] [    Test worker] org.hibernate.type.BasicTypeRegistry     : Adding type registration char -> org.hibernate.type.BasicTypeReference@13e1e816
2025-10-04T10:07:47.879+09:00 DEBUG 2088 --- [springdb2] [    Test worker] org.hibernate.type.BasicTypeRegistry     : Adding type registration java.lang.Character -> org.hibernate.type.BasicTypeReference@13e1e816
2025-10-04T10:07:47.879+09:00 DEBUG 2088 --- [springdb2] [    Test worker] org.hibernate.type.BasicTypeRegistry     : Adding type registration character_nchar -> org.hibernate.type.BasicTypeReference@36238b12
2025-10-04T10:07:47.879+09:00 DEBUG 2088 --- [springdb2] [    Test worker] org.hibernate.type.BasicTypeRegistry     : Adding type registration string -> org.hibernate.type.BasicTypeReference@33187485
2025-10-04T10:07:47.879+09:00 DEBUG 2088 --- [springdb2] [    Test worker] org.hibernate.type.BasicTypeRegistry     : Adding type registration java.lang.String -> org.hibernate.type.BasicTypeReference@33187485
2025-10-04T10:07:47.879+09:00 DEBUG 2088 --- [springdb2] [    Test worker] org.hibernate.type.BasicTypeRegistry     : Adding type registration nstring -> org.hibernate.type.BasicTypeReference@41938e1e
2025-10-04T10:07:47.880+09:00 DEBUG 2088 --- [springdb2] [    Test worker] org.hibernate.type.BasicTypeRegistry     : Adding type registration characters -> org.hibernate.type.BasicTypeReference@5d2e6f62
2025-10-04T10:07:47.880+09:00 DEBUG 2088 --- [springdb2] [    Test worker] org.hibernate.type.BasicTypeRegistry     : Adding type registration char[] -> org.hibernate.type.BasicTypeReference@5d2e6f62
2025-10-04T10:07:47.880+09:00 DEBUG 2088 --- [springdb2] [    Test worker] org.hibernate.type.BasicTypeRegistry     : Adding type registration [C -> org.hibernate.type.BasicTypeReference@5d2e6f62
2025-10-04T10:07:47.880+09:00 DEBUG 2088 --- [springdb2] [    Test worker] org.hibernate.type.BasicTypeRegistry     : Adding type registration wrapper-characters -> org.hibernate.type.BasicTypeReference@77ff14ce
2025-10-04T10:07:47.880+09:00 DEBUG 2088 --- [springdb2] [    Test worker] org.hibernate.type.BasicTypeRegistry     : Adding type registration text -> org.hibernate.type.BasicTypeReference@733fae8
2025-10-04T10:07:47.880+09:00 DEBUG 2088 --- [springdb2] [    Test worker] org.hibernate.type.BasicTypeRegistry     : Adding type registration ntext -> org.hibernate.type.BasicTypeReference@5a8d676e
2025-10-04T10:07:47.880+09:00 DEBUG 2088 --- [springdb2] [    Test worker] org.hibernate.type.BasicTypeRegistry     : Adding type registration clob -> org.hibernate.type.BasicTypeReference@74764622
2025-10-04T10:07:47.880+09:00 DEBUG 2088 --- [springdb2] [    Test worker] org.hibernate.type.BasicTypeRegistry     : Adding type registration java.sql.Clob -> org.hibernate.type.BasicTypeReference@74764622
2025-10-04T10:07:47.880+09:00 DEBUG 2088 --- [springdb2] [    Test worker] org.hibernate.type.BasicTypeRegistry     : Adding type registration nclob -> org.hibernate.type.BasicTypeReference@7ba06506
2025-10-04T10:07:47.880+09:00 DEBUG 2088 --- [springdb2] [    Test worker] org.hibernate.type.BasicTypeRegistry     : Adding type registration java.sql.NClob -> org.hibernate.type.BasicTypeReference@7ba06506
2025-10-04T10:07:47.880+09:00 DEBUG 2088 --- [springdb2] [    Test worker] org.hibernate.type.BasicTypeRegistry     : Adding type registration materialized_clob -> org.hibernate.type.BasicTypeReference@63dc3420
2025-10-04T10:07:47.880+09:00 DEBUG 2088 --- [springdb2] [    Test worker] org.hibernate.type.BasicTypeRegistry     : Adding type registration materialized_clob_char_array -> org.hibernate.type.BasicTypeReference@525b8922
2025-10-04T10:07:47.880+09:00 DEBUG 2088 --- [springdb2] [    Test worker] org.hibernate.type.BasicTypeRegistry     : Adding type registration materialized_clob_character_array -> org.hibernate.type.BasicTypeReference@145a821d
2025-10-04T10:07:47.880+09:00 DEBUG 2088 --- [springdb2] [    Test worker] org.hibernate.type.BasicTypeRegistry     : Adding type registration materialized_nclob -> org.hibernate.type.BasicTypeReference@6caa4dc5
2025-10-04T10:07:47.880+09:00 DEBUG 2088 --- [springdb2] [    Test worker] org.hibernate.type.BasicTypeRegistry     : Adding type registration materialized_nclob_character_array -> org.hibernate.type.BasicTypeReference@6ed51944
2025-10-04T10:07:47.880+09:00 DEBUG 2088 --- [springdb2] [    Test worker] org.hibernate.type.BasicTypeRegistry     : Adding type registration materialized_nclob_char_array -> org.hibernate.type.BasicTypeReference@60c98f25
2025-10-04T10:07:47.880+09:00 DEBUG 2088 --- [springdb2] [    Test worker] org.hibernate.type.BasicTypeRegistry     : Adding type registration Duration -> org.hibernate.type.BasicTypeReference@20c3b34b
2025-10-04T10:07:47.880+09:00 DEBUG 2088 --- [springdb2] [    Test worker] org.hibernate.type.BasicTypeRegistry     : Adding type registration java.time.Duration -> org.hibernate.type.BasicTypeReference@20c3b34b
2025-10-04T10:07:47.880+09:00 DEBUG 2088 --- [springdb2] [    Test worker] org.hibernate.type.BasicTypeRegistry     : Adding type registration LocalDateTime -> org.hibernate.type.BasicTypeReference@1eb906f3
2025-10-04T10:07:47.880+09:00 DEBUG 2088 --- [springdb2] [    Test worker] org.hibernate.type.BasicTypeRegistry     : Adding type registration java.time.LocalDateTime -> org.hibernate.type.BasicTypeReference@1eb906f3
2025-10-04T10:07:47.880+09:00 DEBUG 2088 --- [springdb2] [    Test worker] org.hibernate.type.BasicTypeRegistry     : Adding type registration LocalDate -> org.hibernate.type.BasicTypeReference@58e02359
2025-10-04T10:07:47.880+09:00 DEBUG 2088 --- [springdb2] [    Test worker] org.hibernate.type.BasicTypeRegistry     : Adding type registration java.time.LocalDate -> org.hibernate.type.BasicTypeReference@58e02359
2025-10-04T10:07:47.880+09:00 DEBUG 2088 --- [springdb2] [    Test worker] org.hibernate.type.BasicTypeRegistry     : Adding type registration LocalTime -> org.hibernate.type.BasicTypeReference@74fc3fc7
2025-10-04T10:07:47.880+09:00 DEBUG 2088 --- [springdb2] [    Test worker] org.hibernate.type.BasicTypeRegistry     : Adding type registration java.time.LocalTime -> org.hibernate.type.BasicTypeReference@74fc3fc7
2025-10-04T10:07:47.880+09:00 DEBUG 2088 --- [springdb2] [    Test worker] org.hibernate.type.BasicTypeRegistry     : Adding type registration OffsetDateTime -> org.hibernate.type.BasicTypeReference@491893f8
2025-10-04T10:07:47.880+09:00 DEBUG 2088 --- [springdb2] [    Test worker] org.hibernate.type.BasicTypeRegistry     : Adding type registration java.time.OffsetDateTime -> org.hibernate.type.BasicTypeReference@491893f8
2025-10-04T10:07:47.881+09:00 DEBUG 2088 --- [springdb2] [    Test worker] org.hibernate.type.BasicTypeRegistry     : Adding type registration OffsetDateTimeWithTimezone -> org.hibernate.type.BasicTypeReference@1f408ab6
2025-10-04T10:07:47.881+09:00 DEBUG 2088 --- [springdb2] [    Test worker] org.hibernate.type.BasicTypeRegistry     : Adding type registration OffsetDateTimeWithoutTimezone -> org.hibernate.type.BasicTypeReference@46e388ec
2025-10-04T10:07:47.881+09:00 DEBUG 2088 --- [springdb2] [    Test worker] org.hibernate.type.BasicTypeRegistry     : Adding type registration OffsetTime -> org.hibernate.type.BasicTypeReference@53f495f0
2025-10-04T10:07:47.881+09:00 DEBUG 2088 --- [springdb2] [    Test worker] org.hibernate.type.BasicTypeRegistry     : Adding type registration java.time.OffsetTime -> org.hibernate.type.BasicTypeReference@53f495f0
2025-10-04T10:07:47.881+09:00 DEBUG 2088 --- [springdb2] [    Test worker] org.hibernate.type.BasicTypeRegistry     : Adding type registration OffsetTimeUtc -> org.hibernate.type.BasicTypeReference@5efe5b25
2025-10-04T10:07:47.881+09:00 DEBUG 2088 --- [springdb2] [    Test worker] org.hibernate.type.BasicTypeRegistry     : Adding type registration OffsetTimeWithTimezone -> org.hibernate.type.BasicTypeReference@45707f76
2025-10-04T10:07:47.881+09:00 DEBUG 2088 --- [springdb2] [    Test worker] org.hibernate.type.BasicTypeRegistry     : Adding type registration OffsetTimeWithoutTimezone -> org.hibernate.type.BasicTypeReference@1f0e2bdc
2025-10-04T10:07:47.881+09:00 DEBUG 2088 --- [springdb2] [    Test worker] org.hibernate.type.BasicTypeRegistry     : Adding type registration ZonedDateTime -> org.hibernate.type.BasicTypeReference@682266d8
2025-10-04T10:07:47.881+09:00 DEBUG 2088 --- [springdb2] [    Test worker] org.hibernate.type.BasicTypeRegistry     : Adding type registration java.time.ZonedDateTime -> org.hibernate.type.BasicTypeReference@682266d8
2025-10-04T10:07:47.881+09:00 DEBUG 2088 --- [springdb2] [    Test worker] org.hibernate.type.BasicTypeRegistry     : Adding type registration ZonedDateTimeWithTimezone -> org.hibernate.type.BasicTypeReference@44a93f8a
2025-10-04T10:07:47.881+09:00 DEBUG 2088 --- [springdb2] [    Test worker] org.hibernate.type.BasicTypeRegistry     : Adding type registration ZonedDateTimeWithoutTimezone -> org.hibernate.type.BasicTypeReference@26463a6
2025-10-04T10:07:47.881+09:00 DEBUG 2088 --- [springdb2] [    Test worker] org.hibernate.type.BasicTypeRegistry     : Adding type registration date -> org.hibernate.type.BasicTypeReference@6c5ae8fd
2025-10-04T10:07:47.881+09:00 DEBUG 2088 --- [springdb2] [    Test worker] org.hibernate.type.BasicTypeRegistry     : Adding type registration java.sql.Date -> org.hibernate.type.BasicTypeReference@6c5ae8fd
2025-10-04T10:07:47.881+09:00 DEBUG 2088 --- [springdb2] [    Test worker] org.hibernate.type.BasicTypeRegistry     : Adding type registration time -> org.hibernate.type.BasicTypeReference@17354708
2025-10-04T10:07:47.881+09:00 DEBUG 2088 --- [springdb2] [    Test worker] org.hibernate.type.BasicTypeRegistry     : Adding type registration java.sql.Time -> org.hibernate.type.BasicTypeReference@17354708
2025-10-04T10:07:47.881+09:00 DEBUG 2088 --- [springdb2] [    Test worker] org.hibernate.type.BasicTypeRegistry     : Adding type registration timestamp -> org.hibernate.type.BasicTypeReference@1aed6f0b
2025-10-04T10:07:47.881+09:00 DEBUG 2088 --- [springdb2] [    Test worker] org.hibernate.type.BasicTypeRegistry     : Adding type registration java.sql.Timestamp -> org.hibernate.type.BasicTypeReference@1aed6f0b
2025-10-04T10:07:47.881+09:00 DEBUG 2088 --- [springdb2] [    Test worker] org.hibernate.type.BasicTypeRegistry     : Adding type registration java.util.Date -> org.hibernate.type.BasicTypeReference@1aed6f0b
2025-10-04T10:07:47.881+09:00 DEBUG 2088 --- [springdb2] [    Test worker] org.hibernate.type.BasicTypeRegistry     : Adding type registration calendar -> org.hibernate.type.BasicTypeReference@3b3546a3
2025-10-04T10:07:47.881+09:00 DEBUG 2088 --- [springdb2] [    Test worker] org.hibernate.type.BasicTypeRegistry     : Adding type registration java.util.Calendar -> org.hibernate.type.BasicTypeReference@3b3546a3
2025-10-04T10:07:47.881+09:00 DEBUG 2088 --- [springdb2] [    Test worker] org.hibernate.type.BasicTypeRegistry     : Adding type registration java.util.GregorianCalendar -> org.hibernate.type.BasicTypeReference@3b3546a3
2025-10-04T10:07:47.881+09:00 DEBUG 2088 --- [springdb2] [    Test worker] org.hibernate.type.BasicTypeRegistry     : Adding type registration calendar_date -> org.hibernate.type.BasicTypeReference@134c38
2025-10-04T10:07:47.882+09:00 DEBUG 2088 --- [springdb2] [    Test worker] org.hibernate.type.BasicTypeRegistry     : Adding type registration calendar_time -> org.hibernate.type.BasicTypeReference@3d235635
2025-10-04T10:07:47.882+09:00 DEBUG 2088 --- [springdb2] [    Test worker] org.hibernate.type.BasicTypeRegistry     : Adding type registration instant -> org.hibernate.type.BasicTypeReference@4cc7e3ad
2025-10-04T10:07:47.882+09:00 DEBUG 2088 --- [springdb2] [    Test worker] org.hibernate.type.BasicTypeRegistry     : Adding type registration java.time.Instant -> org.hibernate.type.BasicTypeReference@4cc7e3ad
2025-10-04T10:07:47.882+09:00 DEBUG 2088 --- [springdb2] [    Test worker] org.hibernate.type.BasicTypeRegistry     : Adding type registration uuid -> org.hibernate.type.BasicTypeReference@5dd6a4c8
2025-10-04T10:07:47.882+09:00 DEBUG 2088 --- [springdb2] [    Test worker] org.hibernate.type.BasicTypeRegistry     : Adding type registration java.util.UUID -> org.hibernate.type.BasicTypeReference@5dd6a4c8
2025-10-04T10:07:47.882+09:00 DEBUG 2088 --- [springdb2] [    Test worker] org.hibernate.type.BasicTypeRegistry     : Adding type registration pg-uuid -> org.hibernate.type.BasicTypeReference@5dd6a4c8
2025-10-04T10:07:47.882+09:00 DEBUG 2088 --- [springdb2] [    Test worker] org.hibernate.type.BasicTypeRegistry     : Adding type registration uuid-binary -> org.hibernate.type.BasicTypeReference@47be41c6
2025-10-04T10:07:47.882+09:00 DEBUG 2088 --- [springdb2] [    Test worker] org.hibernate.type.BasicTypeRegistry     : Adding type registration uuid-char -> org.hibernate.type.BasicTypeReference@608b35fa
2025-10-04T10:07:47.882+09:00 DEBUG 2088 --- [springdb2] [    Test worker] org.hibernate.type.BasicTypeRegistry     : Adding type registration class -> org.hibernate.type.BasicTypeReference@13a268cd
2025-10-04T10:07:47.882+09:00 DEBUG 2088 --- [springdb2] [    Test worker] org.hibernate.type.BasicTypeRegistry     : Adding type registration java.lang.Class -> org.hibernate.type.BasicTypeReference@13a268cd
2025-10-04T10:07:47.882+09:00 DEBUG 2088 --- [springdb2] [    Test worker] org.hibernate.type.BasicTypeRegistry     : Adding type registration currency -> org.hibernate.type.BasicTypeReference@7b3a6e95
2025-10-04T10:07:47.882+09:00 DEBUG 2088 --- [springdb2] [    Test worker] org.hibernate.type.BasicTypeRegistry     : Adding type registration Currency -> org.hibernate.type.BasicTypeReference@7b3a6e95
2025-10-04T10:07:47.882+09:00 DEBUG 2088 --- [springdb2] [    Test worker] org.hibernate.type.BasicTypeRegistry     : Adding type registration java.util.Currency -> org.hibernate.type.BasicTypeReference@7b3a6e95
2025-10-04T10:07:47.883+09:00 DEBUG 2088 --- [springdb2] [    Test worker] org.hibernate.type.BasicTypeRegistry     : Adding type registration locale -> org.hibernate.type.BasicTypeReference@4ebfb045
2025-10-04T10:07:47.883+09:00 DEBUG 2088 --- [springdb2] [    Test worker] org.hibernate.type.BasicTypeRegistry     : Adding type registration java.util.Locale -> org.hibernate.type.BasicTypeReference@4ebfb045
2025-10-04T10:07:47.883+09:00 DEBUG 2088 --- [springdb2] [    Test worker] org.hibernate.type.BasicTypeRegistry     : Adding type registration serializable -> org.hibernate.type.BasicTypeReference@77a2688d
2025-10-04T10:07:47.883+09:00 DEBUG 2088 --- [springdb2] [    Test worker] org.hibernate.type.BasicTypeRegistry     : Adding type registration java.io.Serializable -> org.hibernate.type.BasicTypeReference@77a2688d
2025-10-04T10:07:47.883+09:00 DEBUG 2088 --- [springdb2] [    Test worker] org.hibernate.type.BasicTypeRegistry     : Adding type registration timezone -> org.hibernate.type.BasicTypeReference@77c692b4
2025-10-04T10:07:47.883+09:00 DEBUG 2088 --- [springdb2] [    Test worker] org.hibernate.type.BasicTypeRegistry     : Adding type registration java.util.TimeZone -> org.hibernate.type.BasicTypeReference@77c692b4
2025-10-04T10:07:47.883+09:00 DEBUG 2088 --- [springdb2] [    Test worker] org.hibernate.type.BasicTypeRegistry     : Adding type registration ZoneOffset -> org.hibernate.type.BasicTypeReference@5fa0141f
2025-10-04T10:07:47.883+09:00 DEBUG 2088 --- [springdb2] [    Test worker] org.hibernate.type.BasicTypeRegistry     : Adding type registration java.time.ZoneOffset -> org.hibernate.type.BasicTypeReference@5fa0141f
2025-10-04T10:07:47.883+09:00 DEBUG 2088 --- [springdb2] [    Test worker] org.hibernate.type.BasicTypeRegistry     : Adding type registration url -> org.hibernate.type.BasicTypeReference@6caeba36
2025-10-04T10:07:47.884+09:00 DEBUG 2088 --- [springdb2] [    Test worker] org.hibernate.type.BasicTypeRegistry     : Adding type registration java.net.URL -> org.hibernate.type.BasicTypeReference@6caeba36
2025-10-04T10:07:47.885+09:00 DEBUG 2088 --- [springdb2] [    Test worker] org.hibernate.type.BasicTypeRegistry     : Adding type registration vector -> org.hibernate.type.BasicTypeReference@8ac512e
2025-10-04T10:07:47.885+09:00 DEBUG 2088 --- [springdb2] [    Test worker] org.hibernate.type.BasicTypeRegistry     : Adding type registration float_vector -> org.hibernate.type.BasicTypeReference@4bbc21bd
2025-10-04T10:07:47.885+09:00 DEBUG 2088 --- [springdb2] [    Test worker] org.hibernate.type.BasicTypeRegistry     : Adding type registration double_vector -> org.hibernate.type.BasicTypeReference@14e3d439
2025-10-04T10:07:47.885+09:00 DEBUG 2088 --- [springdb2] [    Test worker] org.hibernate.type.BasicTypeRegistry     : Adding type registration byte_vector -> org.hibernate.type.BasicTypeReference@d85b399
2025-10-04T10:07:47.885+09:00 DEBUG 2088 --- [springdb2] [    Test worker] org.hibernate.type.BasicTypeRegistry     : Adding type registration row_version -> org.hibernate.type.BasicTypeReference@674aa626
2025-10-04T10:07:47.885+09:00 DEBUG 2088 --- [springdb2] [    Test worker] org.hibernate.type.BasicTypeRegistry     : Adding type registration object -> org.hibernate.type.JavaObjectType@54defd69
2025-10-04T10:07:47.885+09:00 DEBUG 2088 --- [springdb2] [    Test worker] org.hibernate.type.BasicTypeRegistry     : Adding type registration java.lang.Object -> org.hibernate.type.JavaObjectType@54defd69
2025-10-04T10:07:47.885+09:00 DEBUG 2088 --- [springdb2] [    Test worker] org.hibernate.type.BasicTypeRegistry     : Adding type registration null -> org.hibernate.type.NullType@31006a75
2025-10-04T10:07:47.885+09:00 DEBUG 2088 --- [springdb2] [    Test worker] org.hibernate.type.BasicTypeRegistry     : Adding type registration imm_date -> org.hibernate.type.BasicTypeReference@46805e99
2025-10-04T10:07:47.885+09:00 DEBUG 2088 --- [springdb2] [    Test worker] org.hibernate.type.BasicTypeRegistry     : Adding type registration imm_time -> org.hibernate.type.BasicTypeReference@58decd96
2025-10-04T10:07:47.885+09:00 DEBUG 2088 --- [springdb2] [    Test worker] org.hibernate.type.BasicTypeRegistry     : Adding type registration imm_timestamp -> org.hibernate.type.BasicTypeReference@67ee26af
2025-10-04T10:07:47.885+09:00 DEBUG 2088 --- [springdb2] [    Test worker] org.hibernate.type.BasicTypeRegistry     : Adding type registration imm_calendar -> org.hibernate.type.BasicTypeReference@57cc535
2025-10-04T10:07:47.885+09:00 DEBUG 2088 --- [springdb2] [    Test worker] org.hibernate.type.BasicTypeRegistry     : Adding type registration imm_calendar_date -> org.hibernate.type.BasicTypeReference@41cc3795
2025-10-04T10:07:47.885+09:00 DEBUG 2088 --- [springdb2] [    Test worker] org.hibernate.type.BasicTypeRegistry     : Adding type registration imm_calendar_time -> org.hibernate.type.BasicTypeReference@6f50f047
2025-10-04T10:07:47.885+09:00 DEBUG 2088 --- [springdb2] [    Test worker] org.hibernate.type.BasicTypeRegistry     : Adding type registration imm_binary -> org.hibernate.type.BasicTypeReference@791d785c
2025-10-04T10:07:47.886+09:00 DEBUG 2088 --- [springdb2] [    Test worker] org.hibernate.type.BasicTypeRegistry     : Adding type registration imm_serializable -> org.hibernate.type.BasicTypeReference@1a2b5f27
2025-10-04T10:07:47.912+09:00  INFO 2088 --- [springdb2] [    Test worker] o.s.o.j.p.SpringPersistenceUnitInfo      : No LoadTimeWeaver setup: ignoring JPA class transformer
2025-10-04T10:07:47.917+09:00  INFO 2088 --- [springdb2] [    Test worker] org.hibernate.orm.connections.pooling    : HHH10001005: Database info:
	Database JDBC URL [Connecting through datasource 'HikariDataSource (HikariPool-2)']
	Database driver: undefined/unknown
	Database version: 2.3.232
	Autocommit mode: undefined/unknown
	Isolation level: undefined/unknown
	Minimum pool size: undefined/unknown
	Maximum pool size: undefined/unknown
2025-10-04T10:07:47.917+09:00 DEBUG 2088 --- [springdb2] [    Test worker] o.h.t.d.jdbc.spi.JdbcTypeRegistry        : addDescriptor(NCharTypeDescriptor) replaced previous registration(CharTypeDescriptor)
2025-10-04T10:07:47.917+09:00 DEBUG 2088 --- [springdb2] [    Test worker] o.h.t.d.jdbc.spi.JdbcTypeRegistry        : addDescriptor(NVarcharTypeDescriptor) replaced previous registration(VarcharTypeDescriptor)
2025-10-04T10:07:47.917+09:00 DEBUG 2088 --- [springdb2] [    Test worker] o.h.t.d.jdbc.spi.JdbcTypeRegistry        : addDescriptor(LongNVarcharTypeDescriptor) replaced previous registration(LongVarcharTypeDescriptor)
2025-10-04T10:07:47.918+09:00 DEBUG 2088 --- [springdb2] [    Test worker] o.h.t.d.jdbc.spi.JdbcTypeRegistry        : addDescriptor(NClobTypeDescriptor(DEFAULT)) replaced previous registration(ClobTypeDescriptor(DEFAULT))
2025-10-04T10:07:47.918+09:00 DEBUG 2088 --- [springdb2] [    Test worker] o.h.t.d.jdbc.spi.JdbcTypeRegistry        : addDescriptor(TimestampUtcDescriptor) replaced previous registration(TimestampUtcDescriptor)
2025-10-04T10:07:47.918+09:00 DEBUG 2088 --- [springdb2] [    Test worker] org.hibernate.type.BasicTypeRegistry     : Adding type registration org.hibernate.type.DurationType -> basicType@21(java.time.Duration,3015)
2025-10-04T10:07:47.918+09:00 DEBUG 2088 --- [springdb2] [    Test worker] org.hibernate.type.BasicTypeRegistry     : Adding type registration Duration -> basicType@21(java.time.Duration,3015)
2025-10-04T10:07:47.918+09:00 DEBUG 2088 --- [springdb2] [    Test worker] org.hibernate.type.BasicTypeRegistry     : Adding type registration java.time.Duration -> basicType@21(java.time.Duration,3015)
2025-10-04T10:07:47.918+09:00 DEBUG 2088 --- [springdb2] [    Test worker] o.h.type.spi.TypeConfiguration$Scope     : Scoping TypeConfiguration [org.hibernate.type.spi.TypeConfiguration@3e15330c] to MetadataBuildingContext [org.hibernate.boot.internal.MetadataBuildingContextRootImpl@757e13b2]
2025-10-04T10:07:47.969+09:00  INFO 2088 --- [springdb2] [    Test worker] o.h.e.t.j.p.i.JtaPlatformInitiator       : HHH000489: No JTA platform available (set 'hibernate.transaction.jta.platform' to enable JTA platform integration)
2025-10-04T10:07:47.969+09:00 DEBUG 2088 --- [springdb2] [    Test worker] o.h.type.spi.TypeConfiguration$Scope     : Scoping TypeConfiguration [org.hibernate.type.spi.TypeConfiguration@3e15330c] to SessionFactoryImplementor [org.hibernate.internal.SessionFactoryImpl@7bbc0c6b]
2025-10-04T10:07:47.971+09:00 DEBUG 2088 --- [springdb2] [    Test worker] org.hibernate.SQL                        : alter table if exists item alter column item_name set data type varchar(10)
Hibernate: alter table if exists item alter column item_name set data type varchar(10)
2025-10-04T10:07:47.977+09:00 TRACE 2088 --- [springdb2] [    Test worker] o.h.type.spi.TypeConfiguration$Scope     : Handling #sessionFactoryCreated from [org.hibernate.internal.SessionFactoryImpl@7bbc0c6b] for TypeConfiguration
2025-10-04T10:07:47.977+09:00  INFO 2088 --- [springdb2] [    Test worker] j.LocalContainerEntityManagerFactoryBean : Initialized JPA EntityManagerFactory for persistence unit 'default'
2025-10-04T10:07:48.052+09:00  WARN 2088 --- [springdb2] [    Test worker] JpaBaseConfiguration$JpaWebConfiguration : spring.jpa.open-in-view is enabled by default. Therefore, database queries may be performed during view rendering. Explicitly configure spring.jpa.open-in-view to disable this warning
2025-10-04T10:07:48.065+09:00  INFO 2088 --- [springdb2] [    Test worker] o.s.b.a.w.s.WelcomePageHandlerMapping    : Adding welcome page: class path resource [static/index.html]
2025-10-04T10:07:48.337+09:00  INFO 2088 --- [springdb2] [    Test worker] h.springdb2.Springdb2ApplicationTests    : Started Springdb2ApplicationTests in 0.961 seconds (process running for 10.802)
2025-10-04T10:07:48.338+09:00  INFO 2088 --- [springdb2] [    Test worker] hello.springdb2.TestDataInit             : === TestDataInit 시작 ===
2025-10-04T10:07:48.342+09:00 DEBUG 2088 --- [springdb2] [    Test worker] org.hibernate.SQL                        : insert into item (item_name,price,quantity,id) values (?,?,?,default)
Hibernate: insert into item (item_name,price,quantity,id) values (?,?,?,default)
2025-10-04T10:07:48.350+09:00 DEBUG 2088 --- [springdb2] [    Test worker] org.hibernate.SQL                        : insert into item (item_name,price,quantity,id) values (?,?,?,default)
Hibernate: insert into item (item_name,price,quantity,id) values (?,?,?,default)
2025-10-04T10:07:48.355+09:00 DEBUG 2088 --- [springdb2] [    Test worker] org.hibernate.SQL                        : insert into item (item_name,price,quantity,id) values (?,?,?,default)
Hibernate: insert into item (item_name,price,quantity,id) values (?,?,?,default)
2025-10-04T10:07:48.400+09:00 DEBUG 2088 --- [springdb2] [    Test worker] org.hibernate.SQL                        : select i1_0.id,i1_0.item_name,i1_0.price,i1_0.quantity from item i1_0 where i1_0.id=?
Hibernate: select i1_0.id,i1_0.item_name,i1_0.price,i1_0.quantity from item i1_0 where i1_0.id=?
2025-10-04T10:07:48.409+09:00  INFO 2088 --- [springdb2] [    Test worker] hello.springdb2.TestDataInit             : 조회 성공: Item(id=1, itemName=itemX, price=10000, quantity=10)
2025-10-04T10:07:48.412+09:00 DEBUG 2088 --- [springdb2] [    Test worker] org.hibernate.SQL                        : select i1_0.id,i1_0.item_name,i1_0.price,i1_0.quantity from item i1_0 where i1_0.id=?
Hibernate: select i1_0.id,i1_0.item_name,i1_0.price,i1_0.quantity from item i1_0 where i1_0.id=?
2025-10-04T10:07:48.430+09:00 DEBUG 2088 --- [springdb2] [    Test worker] org.hibernate.SQL                        : update item set item_name=?,price=?,quantity=? where id=?
Hibernate: update item set item_name=?,price=?,quantity=? where id=?
2025-10-04T10:07:48.438+09:00 DEBUG 2088 --- [springdb2] [    Test worker] org.hibernate.SQL                        : select i1_0.id,i1_0.item_name,i1_0.price,i1_0.quantity from item i1_0 where i1_0.id=?
Hibernate: select i1_0.id,i1_0.item_name,i1_0.price,i1_0.quantity from item i1_0 where i1_0.id=?
2025-10-04T10:07:48.446+09:00 DEBUG 2088 --- [springdb2] [    Test worker] org.hibernate.SQL                        : delete from item where id=?
Hibernate: delete from item where id=?
2025-10-04T10:07:48.450+09:00  INFO 2088 --- [springdb2] [    Test worker] hello.springdb2.TestDataInit             : === TestDataInit 종료 ===
]]></system-out>
  <system-err><![CDATA[]]></system-err>
</testsuite>
